[2024-01-22 11:14:29 [32mINFO [0;39m background-preinit] [org.hibernate.validator.internal.util.Version] [36mHV000001: Hibernate Validator 8.0.1.Final[0;39m
[2024-01-22 11:14:29 [32mINFO [0;39m restartedMain] [com.greengram.greengram4.Greengram5Application] [36mStarting Greengram4Application using Java 17.0.8.1 with PID 10384 (D:\Student\Java2023\greengram4\build\classes\java\main started by Administrator in D:\Student\Java2023\greengram4)[0;39m
[2024-01-22 11:14:29 [32mINFO [0;39m restartedMain] [com.greengram.greengram4.Greengram5Application] [36mNo active profile set, falling back to 1 default profile: "default"[0;39m
[2024-01-22 11:14:29 [32mINFO [0;39m restartedMain] [org.springframework.boot.devtools.env.DevToolsPropertyDefaultsPostProcessor] [36mDevtools property defaults active! Set 'spring.devtools.add-properties' to 'false' to disable[0;39m
[2024-01-22 11:14:29 [32mINFO [0;39m restartedMain] [org.springframework.boot.devtools.env.DevToolsPropertyDefaultsPostProcessor] [36mFor additional web related logging consider setting the 'logging.level.web' property to 'DEBUG'[0;39m
[2024-01-22 11:14:30 [32mINFO [0;39m restartedMain] [org.springframework.boot.web.embedded.tomcat.TomcatWebServer] [36mTomcat initialized with port 8080 (http)[0;39m
[2024-01-22 11:14:30 [32mINFO [0;39m restartedMain] [org.apache.coyote.http11.Http11NioProtocol] [36mInitializing ProtocolHandler ["http-nio-8080"][0;39m
[2024-01-22 11:14:30 [32mINFO [0;39m restartedMain] [org.apache.catalina.core.StandardService] [36mStarting service [Tomcat][0;39m
[2024-01-22 11:14:30 [32mINFO [0;39m restartedMain] [org.apache.catalina.core.StandardEngine] [36mStarting Servlet engine: [Apache Tomcat/10.1.17][0;39m
[2024-01-22 11:14:30 [32mINFO [0;39m restartedMain] [org.apache.catalina.core.ContainerBase.[Tomcat].[localhost].[/]] [36mInitializing Spring embedded WebApplicationContext[0;39m
[2024-01-22 11:14:30 [32mINFO [0;39m restartedMain] [org.springframework.boot.web.servlet.context.ServletWebServerApplicationContext] [36mRoot WebApplicationContext: initialization completed in 967 ms[0;39m
[2024-01-22 11:14:30 [32mINFO [0;39m restartedMain] [com.greengram.greengram4.security.JwtTokenProvider] [36msecret:DaeguGreenArtAcadenyClass502RoomForJavaSpringBootFighting[0;39m
[2024-01-22 11:14:30 [32mINFO [0;39m restartedMain] [com.greengram.greengram4.common.FirebaseConfiguration] [36mFirebaseApp Initialization Complete !!![0;39m
[2024-01-22 11:14:30 [33mWARN [0;39m restartedMain] [org.springframework.boot.autoconfigure.security.servlet.UserDetailsServiceAutoConfiguration] [36m

Using generated security password: 047a7c4a-5881-41bc-bae2-de0509d55f71

This generated password is for development use only. Your security configuration must be updated before running your application in production.
[0;39m
[2024-01-22 11:14:30 [32mINFO [0;39m restartedMain] [org.springframework.boot.autoconfigure.web.servlet.WelcomePageHandlerMapping] [36mAdding welcome page: class path resource [static/index.html][0;39m
[2024-01-22 11:14:30 [32mINFO [0;39m restartedMain] [org.springframework.security.web.DefaultSecurityFilterChain] [36mWill secure any request with [org.springframework.security.web.session.DisableEncodeUrlFilter@2a76b7e5, org.springframework.security.web.context.request.async.WebAsyncManagerIntegrationFilter@7902702c, org.springframework.security.web.context.SecurityContextHolderFilter@3857ec47, org.springframework.security.web.header.HeaderWriterFilter@555aef98, org.springframework.web.filter.CorsFilter@4d1d988, org.springframework.security.web.authentication.logout.LogoutFilter@375935cc, com.greengram.greengram4.security.JwtAuthenticationFilter@e43cbc3, org.springframework.security.web.savedrequest.RequestCacheAwareFilter@5a25c941, org.springframework.security.web.servletapi.SecurityContextHolderAwareRequestFilter@17831bb7, org.springframework.security.web.authentication.AnonymousAuthenticationFilter@1208bd60, org.springframework.security.web.session.SessionManagementFilter@71af856f, org.springframework.security.web.access.ExceptionTranslationFilter@2ffe2dea, org.springframework.security.web.access.intercept.AuthorizationFilter@348cf562][0;39m
[2024-01-22 11:14:31 [32mINFO [0;39m restartedMain] [org.springframework.boot.devtools.autoconfigure.OptionalLiveReloadServer] [36mLiveReload server is running on port 35729[0;39m
[2024-01-22 11:14:31 [32mINFO [0;39m restartedMain] [org.apache.coyote.http11.Http11NioProtocol] [36mStarting ProtocolHandler ["http-nio-8080"][0;39m
[2024-01-22 11:14:31 [32mINFO [0;39m restartedMain] [org.springframework.boot.web.embedded.tomcat.TomcatWebServer] [36mTomcat started on port 8080 (http) with context path ''[0;39m
[2024-01-22 11:14:31 [32mINFO [0;39m restartedMain] [com.greengram.greengram4.Greengram5Application] [36mStarted Greengram4Application in 2.044 seconds (process running for 2.469)[0;39m
[2024-01-22 13:06:49 [32mINFO [0;39m background-preinit] [org.hibernate.validator.internal.util.Version] [36mHV000001: Hibernate Validator 8.0.1.Final[0;39m
[2024-01-22 13:06:49 [32mINFO [0;39m restartedMain] [com.greengram.greengram4.Greengram5Application] [36mStarting Greengram4Application using Java 17.0.8.1 with PID 7804 (D:\Student\Java2023\greengram4\build\classes\java\main started by Administrator in D:\Student\Java2023\greengram4)[0;39m
[2024-01-22 13:06:49 [32mINFO [0;39m restartedMain] [com.greengram.greengram4.Greengram5Application] [36mNo active profile set, falling back to 1 default profile: "default"[0;39m
[2024-01-22 13:06:50 [32mINFO [0;39m restartedMain] [org.springframework.boot.devtools.env.DevToolsPropertyDefaultsPostProcessor] [36mDevtools property defaults active! Set 'spring.devtools.add-properties' to 'false' to disable[0;39m
[2024-01-22 13:06:50 [32mINFO [0;39m restartedMain] [org.springframework.boot.devtools.env.DevToolsPropertyDefaultsPostProcessor] [36mFor additional web related logging consider setting the 'logging.level.web' property to 'DEBUG'[0;39m
[2024-01-22 13:06:51 [32mINFO [0;39m restartedMain] [org.springframework.boot.web.embedded.tomcat.TomcatWebServer] [36mTomcat initialized with port 8080 (http)[0;39m
[2024-01-22 13:06:51 [32mINFO [0;39m restartedMain] [org.apache.coyote.http11.Http11NioProtocol] [36mInitializing ProtocolHandler ["http-nio-8080"][0;39m
[2024-01-22 13:06:51 [32mINFO [0;39m restartedMain] [org.apache.catalina.core.StandardService] [36mStarting service [Tomcat][0;39m
[2024-01-22 13:06:51 [32mINFO [0;39m restartedMain] [org.apache.catalina.core.StandardEngine] [36mStarting Servlet engine: [Apache Tomcat/10.1.17][0;39m
[2024-01-22 13:06:51 [32mINFO [0;39m restartedMain] [org.apache.catalina.core.ContainerBase.[Tomcat].[localhost].[/]] [36mInitializing Spring embedded WebApplicationContext[0;39m
[2024-01-22 13:06:51 [32mINFO [0;39m restartedMain] [org.springframework.boot.web.servlet.context.ServletWebServerApplicationContext] [36mRoot WebApplicationContext: initialization completed in 1265 ms[0;39m
[2024-01-22 13:06:51 [32mINFO [0;39m restartedMain] [com.greengram.greengram4.security.JwtTokenProvider] [36msecret:DaeguGreenArtAcadenyClass502RoomForJavaSpringBootFighting[0;39m
[2024-01-22 13:06:51 [32mINFO [0;39m restartedMain] [com.greengram.greengram4.common.FirebaseConfiguration] [36mFirebaseApp Initialization Complete !!![0;39m
[2024-01-22 13:06:51 [33mWARN [0;39m restartedMain] [org.springframework.boot.autoconfigure.security.servlet.UserDetailsServiceAutoConfiguration] [36m

Using generated security password: b7d8aa25-adec-4854-b3e3-d8dc186e7944

This generated password is for development use only. Your security configuration must be updated before running your application in production.
[0;39m
[2024-01-22 13:06:51 [32mINFO [0;39m restartedMain] [org.springframework.boot.autoconfigure.web.servlet.WelcomePageHandlerMapping] [36mAdding welcome page: class path resource [static/index.html][0;39m
[2024-01-22 13:06:51 [32mINFO [0;39m restartedMain] [org.springframework.security.web.DefaultSecurityFilterChain] [36mWill secure any request with [org.springframework.security.web.session.DisableEncodeUrlFilter@3e9db658, org.springframework.security.web.context.request.async.WebAsyncManagerIntegrationFilter@1cdbf7e5, org.springframework.security.web.context.SecurityContextHolderFilter@5ec94b23, org.springframework.security.web.header.HeaderWriterFilter@58019851, org.springframework.web.filter.CorsFilter@726b2b25, org.springframework.security.web.authentication.logout.LogoutFilter@3259c7aa, com.greengram.greengram4.security.JwtAuthenticationFilter@43f7f3cc, org.springframework.security.web.savedrequest.RequestCacheAwareFilter@698e91a6, org.springframework.security.web.servletapi.SecurityContextHolderAwareRequestFilter@4def4354, org.springframework.security.web.authentication.AnonymousAuthenticationFilter@2a89a687, org.springframework.security.web.session.SessionManagementFilter@185c2551, org.springframework.security.web.access.ExceptionTranslationFilter@426e1ba9, org.springframework.security.web.access.intercept.AuthorizationFilter@1076424c][0;39m
[2024-01-22 13:06:52 [32mINFO [0;39m restartedMain] [org.springframework.boot.devtools.autoconfigure.OptionalLiveReloadServer] [36mLiveReload server is running on port 35729[0;39m
[2024-01-22 13:06:52 [32mINFO [0;39m restartedMain] [org.apache.coyote.http11.Http11NioProtocol] [36mStarting ProtocolHandler ["http-nio-8080"][0;39m
[2024-01-22 13:06:52 [32mINFO [0;39m restartedMain] [org.springframework.boot.web.embedded.tomcat.TomcatWebServer] [36mTomcat started on port 8080 (http) with context path ''[0;39m
[2024-01-22 13:06:52 [32mINFO [0;39m restartedMain] [com.greengram.greengram4.Greengram5Application] [36mStarted Greengram4Application in 2.574 seconds (process running for 2.976)[0;39m
[2024-01-22 13:06:54 [32mINFO [0;39m background-preinit] [org.hibernate.validator.internal.util.Version] [36mHV000001: Hibernate Validator 8.0.1.Final[0;39m
[2024-01-22 13:06:54 [32mINFO [0;39m restartedMain] [com.greengram.greengram4.Greengram5Application] [36mStarting Greengram4Application using Java 17.0.8.1 with PID 12452 (D:\Student\Java2023\greengram4\build\classes\java\main started by Administrator in D:\Student\Java2023\greengram4)[0;39m
[2024-01-22 13:06:54 [32mINFO [0;39m restartedMain] [com.greengram.greengram4.Greengram5Application] [36mNo active profile set, falling back to 1 default profile: "default"[0;39m
[2024-01-22 13:06:54 [32mINFO [0;39m restartedMain] [org.springframework.boot.devtools.env.DevToolsPropertyDefaultsPostProcessor] [36mDevtools property defaults active! Set 'spring.devtools.add-properties' to 'false' to disable[0;39m
[2024-01-22 13:06:54 [32mINFO [0;39m restartedMain] [org.springframework.boot.devtools.env.DevToolsPropertyDefaultsPostProcessor] [36mFor additional web related logging consider setting the 'logging.level.web' property to 'DEBUG'[0;39m
[2024-01-22 13:06:56 [32mINFO [0;39m restartedMain] [org.springframework.boot.web.embedded.tomcat.TomcatWebServer] [36mTomcat initialized with port 8080 (http)[0;39m
[2024-01-22 13:06:56 [32mINFO [0;39m restartedMain] [org.apache.coyote.http11.Http11NioProtocol] [36mInitializing ProtocolHandler ["http-nio-8080"][0;39m
[2024-01-22 13:06:56 [32mINFO [0;39m restartedMain] [org.apache.catalina.core.StandardService] [36mStarting service [Tomcat][0;39m
[2024-01-22 13:06:56 [32mINFO [0;39m restartedMain] [org.apache.catalina.core.StandardEngine] [36mStarting Servlet engine: [Apache Tomcat/10.1.17][0;39m
[2024-01-22 13:06:56 [32mINFO [0;39m restartedMain] [org.apache.catalina.core.ContainerBase.[Tomcat].[localhost].[/]] [36mInitializing Spring embedded WebApplicationContext[0;39m
[2024-01-22 13:06:56 [32mINFO [0;39m restartedMain] [org.springframework.boot.web.servlet.context.ServletWebServerApplicationContext] [36mRoot WebApplicationContext: initialization completed in 1215 ms[0;39m
[2024-01-22 13:06:56 [32mINFO [0;39m restartedMain] [com.greengram.greengram4.security.JwtTokenProvider] [36msecret:DaeguGreenArtAcadenyClass502RoomForJavaSpringBootFighting[0;39m
[2024-01-22 13:06:56 [32mINFO [0;39m restartedMain] [com.greengram.greengram4.common.FirebaseConfiguration] [36mFirebaseApp Initialization Complete !!![0;39m
[2024-01-22 13:06:56 [33mWARN [0;39m restartedMain] [org.springframework.boot.autoconfigure.security.servlet.UserDetailsServiceAutoConfiguration] [36m

Using generated security password: 58d5b84a-98cd-40fb-9eb0-743d9493cbbf

This generated password is for development use only. Your security configuration must be updated before running your application in production.
[0;39m
[2024-01-22 13:06:56 [32mINFO [0;39m restartedMain] [org.springframework.boot.autoconfigure.web.servlet.WelcomePageHandlerMapping] [36mAdding welcome page: class path resource [static/index.html][0;39m
[2024-01-22 13:06:56 [32mINFO [0;39m restartedMain] [org.springframework.security.web.DefaultSecurityFilterChain] [36mWill secure any request with [org.springframework.security.web.session.DisableEncodeUrlFilter@3e9db658, org.springframework.security.web.context.request.async.WebAsyncManagerIntegrationFilter@1cdbf7e5, org.springframework.security.web.context.SecurityContextHolderFilter@5ec94b23, org.springframework.security.web.header.HeaderWriterFilter@58019851, org.springframework.web.filter.CorsFilter@726b2b25, org.springframework.security.web.authentication.logout.LogoutFilter@3259c7aa, com.greengram.greengram4.security.JwtAuthenticationFilter@43f7f3cc, org.springframework.security.web.savedrequest.RequestCacheAwareFilter@698e91a6, org.springframework.security.web.servletapi.SecurityContextHolderAwareRequestFilter@4def4354, org.springframework.security.web.authentication.AnonymousAuthenticationFilter@2a89a687, org.springframework.security.web.session.SessionManagementFilter@185c2551, org.springframework.security.web.access.ExceptionTranslationFilter@426e1ba9, org.springframework.security.web.access.intercept.AuthorizationFilter@1076424c][0;39m
[2024-01-22 13:06:57 [32mINFO [0;39m restartedMain] [org.springframework.boot.devtools.autoconfigure.OptionalLiveReloadServer] [36mLiveReload server is running on port 35729[0;39m
[2024-01-22 13:06:57 [32mINFO [0;39m restartedMain] [org.apache.coyote.http11.Http11NioProtocol] [36mStarting ProtocolHandler ["http-nio-8080"][0;39m
[2024-01-22 13:06:57 [32mINFO [0;39m restartedMain] [org.springframework.boot.web.embedded.tomcat.TomcatWebServer] [36mTomcat started on port 8080 (http) with context path ''[0;39m
[2024-01-22 13:06:57 [32mINFO [0;39m restartedMain] [com.greengram.greengram4.Greengram5Application] [36mStarted Greengram4Application in 2.722 seconds (process running for 3.192)[0;39m
[2024-01-22 13:06:57 [32mINFO [0;39m http-nio-8080-exec-1] [org.apache.catalina.core.ContainerBase.[Tomcat].[localhost].[/]] [36mInitializing Spring DispatcherServlet 'dispatcherServlet'[0;39m
[2024-01-22 13:06:57 [32mINFO [0;39m http-nio-8080-exec-1] [org.springframework.web.servlet.DispatcherServlet] [36mInitializing Servlet 'dispatcherServlet'[0;39m
[2024-01-22 13:06:57 [32mINFO [0;39m http-nio-8080-exec-1] [org.springframework.web.servlet.DispatcherServlet] [36mCompleted initialization in 1 ms[0;39m
[2024-01-22 13:06:57 [32mINFO [0;39m http-nio-8080-exec-1] [com.greengram.greengram4.security.JwtAuthenticationFilter] [36mJwtAuthentication - token : null[0;39m
[2024-01-22 13:06:57 [32mINFO [0;39m http-nio-8080-exec-2] [com.greengram.greengram4.security.JwtAuthenticationFilter] [36mJwtAuthentication - token : null[0;39m
[2024-01-22 13:06:57 [32mINFO [0;39m http-nio-8080-exec-3] [com.greengram.greengram4.security.JwtAuthenticationFilter] [36mJwtAuthentication - token : null[0;39m
[2024-01-22 13:06:57 [32mINFO [0;39m http-nio-8080-exec-4] [com.greengram.greengram4.security.JwtAuthenticationFilter] [36mJwtAuthentication - token : null[0;39m
[2024-01-22 13:06:57 [32mINFO [0;39m http-nio-8080-exec-4] [org.springdoc.api.AbstractOpenApiResource] [36mInit duration for springdoc-openapi is: 188 ms[0;39m
[2024-01-22 13:07:10 [32mINFO [0;39m http-nio-8080-exec-5] [com.greengram.greengram4.security.JwtAuthenticationFilter] [36mJwtAuthentication - token : null[0;39m
[2024-01-22 13:07:10 [32mINFO [0;39m http-nio-8080-exec-5] [com.zaxxer.hikari.HikariDataSource] [36mHikariPool-1 - Starting...[0;39m
[2024-01-22 13:07:10 [32mINFO [0;39m http-nio-8080-exec-5] [com.zaxxer.hikari.pool.HikariPool] [36mHikariPool-1 - Added connection org.mariadb.jdbc.Connection@409a6421[0;39m
[2024-01-22 13:07:10 [32mINFO [0;39m http-nio-8080-exec-5] [com.zaxxer.hikari.HikariDataSource] [36mHikariPool-1 - Start completed.[0;39m
[2024-01-22 13:08:35 [32mINFO [0;39m http-nio-8080-exec-9] [com.greengram.greengram4.security.JwtAuthenticationFilter] [36mJwtAuthentication - token : eyJhbGciOiJIUzI1NiJ9.eyJ1c2VyIjoie1wiaXVzZXJcIjoxfSIsImlhdCI6MTcwNTg5NjQzMCwiZXhwIjoxNzA3MTkyNDMwfQ.4qr8Uepe3zD5_205shsi_kZCd-PEiMuFlRSp_Q1Vauk[0;39m
[2024-01-22 13:08:40 [32mINFO [0;39m http-nio-8080-exec-10] [com.greengram.greengram4.security.JwtAuthenticationFilter] [36mJwtAuthentication - token : eyJhbGciOiJIUzI1NiJ9.eyJ1c2VyIjoie1wiaXVzZXJcIjoxfSIsImlhdCI6MTcwNTg5NjQzMCwiZXhwIjoxNzA3MTkyNDMwfQ.4qr8Uepe3zD5_205shsi_kZCd-PEiMuFlRSp_Q1Vauk[0;39m
[2024-01-22 13:08:40 [33mWARN [0;39m http-nio-8080-exec-10] [org.springframework.web.servlet.mvc.method.annotation.ExceptionHandlerExceptionResolver] [36mResolved [org.springframework.web.bind.MethodArgumentNotValidException: Validation failed for argument [0] in public com.greengram.greengram4.common.ResVo com.greengram.greengram4.feed.FeedController.postComment(com.greengram.greengram4.feed.model.FeedCommentInsDto): [Field error in object 'feedCommentInsDto' on field 'comment': rejected value [s]; codes [Size.feedCommentInsDto.comment,Size.comment,Size.java.lang.String,Size]; arguments [org.springframework.context.support.DefaultMessageSourceResolvable: codes [feedCommentInsDto.comment,comment]; arguments []; default message [comment],2147483647,2]; default message [댓글 내용은 2글자 이상이어야 합니다]] ][0;39m
[2024-01-22 13:09:32 [32mINFO [0;39m SpringApplicationShutdownHook] [com.zaxxer.hikari.HikariDataSource] [36mHikariPool-1 - Shutdown initiated...[0;39m
[2024-01-22 13:09:32 [32mINFO [0;39m SpringApplicationShutdownHook] [com.zaxxer.hikari.HikariDataSource] [36mHikariPool-1 - Shutdown completed.[0;39m
