[2024-01-19 10:09:00 [32mINFO [0;39m background-preinit] [org.hibernate.validator.internal.util.Version] [36mHV000001: Hibernate Validator 8.0.1.Final[0;39m
[2024-01-19 10:09:00 [32mINFO [0;39m restartedMain] [com.greengram.greengram4.Greengram5Application] [36mStarting Greengram4Application using Java 17.0.8.1 with PID 6456 (D:\Student\Java2023\greengram4\build\classes\java\main started by Administrator in D:\Student\Java2023\greengram4)[0;39m
[2024-01-19 10:09:00 [32mINFO [0;39m restartedMain] [com.greengram.greengram4.Greengram5Application] [36mNo active profile set, falling back to 1 default profile: "default"[0;39m
[2024-01-19 10:09:00 [32mINFO [0;39m restartedMain] [org.springframework.boot.devtools.env.DevToolsPropertyDefaultsPostProcessor] [36mDevtools property defaults active! Set 'spring.devtools.add-properties' to 'false' to disable[0;39m
[2024-01-19 10:09:00 [32mINFO [0;39m restartedMain] [org.springframework.boot.devtools.env.DevToolsPropertyDefaultsPostProcessor] [36mFor additional web related logging consider setting the 'logging.level.web' property to 'DEBUG'[0;39m
[2024-01-19 10:09:01 [32mINFO [0;39m restartedMain] [org.springframework.boot.web.embedded.tomcat.TomcatWebServer] [36mTomcat initialized with port 8080 (http)[0;39m
[2024-01-19 10:09:01 [32mINFO [0;39m restartedMain] [org.apache.coyote.http11.Http11NioProtocol] [36mInitializing ProtocolHandler ["http-nio-8080"][0;39m
[2024-01-19 10:09:01 [32mINFO [0;39m restartedMain] [org.apache.catalina.core.StandardService] [36mStarting service [Tomcat][0;39m
[2024-01-19 10:09:01 [32mINFO [0;39m restartedMain] [org.apache.catalina.core.StandardEngine] [36mStarting Servlet engine: [Apache Tomcat/10.1.17][0;39m
[2024-01-19 10:09:01 [32mINFO [0;39m restartedMain] [org.apache.catalina.core.ContainerBase.[Tomcat].[localhost].[/]] [36mInitializing Spring embedded WebApplicationContext[0;39m
[2024-01-19 10:09:01 [32mINFO [0;39m restartedMain] [org.springframework.boot.web.servlet.context.ServletWebServerApplicationContext] [36mRoot WebApplicationContext: initialization completed in 1085 ms[0;39m
[2024-01-19 10:09:01 [32mINFO [0;39m restartedMain] [com.greengram.greengram4.security.JwtTokenProvider] [36msecret:DaeguGreenArtAcadenyClass502RoomForJavaSpringBootFighting[0;39m
[2024-01-19 10:09:01 [32mINFO [0;39m restartedMain] [com.greengram.greengram4.common.FirebaseConfiguration] [36mFirebaseApp Initialization Complete !!![0;39m
[2024-01-19 10:09:02 [33mWARN [0;39m restartedMain] [org.springframework.boot.autoconfigure.security.servlet.UserDetailsServiceAutoConfiguration] [36m

Using generated security password: a85a7543-0b81-49c9-ba4c-5826ab71dfaa

This generated password is for development use only. Your security configuration must be updated before running your application in production.
[0;39m
[2024-01-19 10:09:02 [32mINFO [0;39m restartedMain] [org.springframework.boot.autoconfigure.web.servlet.WelcomePageHandlerMapping] [36mAdding welcome page: class path resource [static/index.html][0;39m
[2024-01-19 10:09:02 [32mINFO [0;39m restartedMain] [org.springframework.security.web.DefaultSecurityFilterChain] [36mWill secure any request with [org.springframework.security.web.session.DisableEncodeUrlFilter@29b8b76c, org.springframework.security.web.context.request.async.WebAsyncManagerIntegrationFilter@10b7239b, org.springframework.security.web.context.SecurityContextHolderFilter@38640311, org.springframework.security.web.header.HeaderWriterFilter@4663b154, org.springframework.web.filter.CorsFilter@3e5dcdf8, org.springframework.security.web.authentication.logout.LogoutFilter@112f7275, com.greengram.greengram4.security.JwtAuthenticationFilter@6932990d, org.springframework.security.web.savedrequest.RequestCacheAwareFilter@597f8ac0, org.springframework.security.web.servletapi.SecurityContextHolderAwareRequestFilter@2c12b0ae, org.springframework.security.web.authentication.AnonymousAuthenticationFilter@2701e928, org.springframework.security.web.session.SessionManagementFilter@2b5e7ba3, org.springframework.security.web.access.ExceptionTranslationFilter@63f27921, org.springframework.security.web.access.intercept.AuthorizationFilter@514d0f77][0;39m
[2024-01-19 10:09:02 [32mINFO [0;39m restartedMain] [org.springframework.boot.devtools.autoconfigure.OptionalLiveReloadServer] [36mLiveReload server is running on port 35729[0;39m
[2024-01-19 10:09:02 [32mINFO [0;39m restartedMain] [org.apache.coyote.http11.Http11NioProtocol] [36mStarting ProtocolHandler ["http-nio-8080"][0;39m
[2024-01-19 10:09:02 [32mINFO [0;39m restartedMain] [org.springframework.boot.web.embedded.tomcat.TomcatWebServer] [36mTomcat started on port 8080 (http) with context path ''[0;39m
[2024-01-19 10:09:02 [32mINFO [0;39m restartedMain] [com.greengram.greengram4.Greengram5Application] [36mStarted Greengram4Application in 2.319 seconds (process running for 2.828)[0;39m
[2024-01-19 10:20:39 [32mINFO [0;39m File Watcher] [org.springframework.boot.devtools.autoconfigure.LocalDevToolsAutoConfiguration$RestartingClassPathChangeChangedEventListener] [36mRestarting due to 2 class path changes (0 additions, 2 deletions, 0 modifications)[0;39m
[2024-01-19 10:20:39 [32mINFO [0;39m Thread-5] [org.apache.coyote.http11.Http11NioProtocol] [36mStopping ProtocolHandler ["http-nio-8080"][0;39m
[2024-01-19 10:20:39 [32mINFO [0;39m restartedMain] [com.greengram.greengram4.Greengram5Application] [36mStarting Greengram4Application using Java 17.0.8.1 with PID 6456 (D:\Student\Java2023\greengram4\build\classes\java\main started by Administrator in D:\Student\Java2023\greengram4)[0;39m
[2024-01-19 10:20:39 [32mINFO [0;39m restartedMain] [com.greengram.greengram4.Greengram5Application] [36mNo active profile set, falling back to 1 default profile: "default"[0;39m
[2024-01-19 10:20:39 [32mINFO [0;39m restartedMain] [org.springframework.boot.web.embedded.tomcat.TomcatWebServer] [36mTomcat initialized with port 8080 (http)[0;39m
[2024-01-19 10:20:39 [32mINFO [0;39m restartedMain] [org.apache.coyote.http11.Http11NioProtocol] [36mInitializing ProtocolHandler ["http-nio-8080"][0;39m
[2024-01-19 10:20:39 [32mINFO [0;39m restartedMain] [org.apache.catalina.core.StandardService] [36mStarting service [Tomcat][0;39m
[2024-01-19 10:20:39 [32mINFO [0;39m restartedMain] [org.apache.catalina.core.StandardEngine] [36mStarting Servlet engine: [Apache Tomcat/10.1.17][0;39m
[2024-01-19 10:20:39 [32mINFO [0;39m restartedMain] [org.apache.catalina.core.ContainerBase.[Tomcat].[localhost].[/]] [36mInitializing Spring embedded WebApplicationContext[0;39m
[2024-01-19 10:20:39 [32mINFO [0;39m restartedMain] [org.springframework.boot.web.servlet.context.ServletWebServerApplicationContext] [36mRoot WebApplicationContext: initialization completed in 324 ms[0;39m
[2024-01-19 10:20:39 [32mINFO [0;39m restartedMain] [com.greengram.greengram4.security.JwtTokenProvider] [36msecret:DaeguGreenArtAcadenyClass502RoomForJavaSpringBootFighting[0;39m
[2024-01-19 10:20:40 [33mWARN [0;39m restartedMain] [org.springframework.boot.autoconfigure.security.servlet.UserDetailsServiceAutoConfiguration] [36m

Using generated security password: 673ef29a-da12-475a-affd-2927115fbf6d

This generated password is for development use only. Your security configuration must be updated before running your application in production.
[0;39m
[2024-01-19 10:20:40 [32mINFO [0;39m restartedMain] [org.springframework.boot.autoconfigure.web.servlet.WelcomePageHandlerMapping] [36mAdding welcome page: class path resource [static/index.html][0;39m
[2024-01-19 10:20:40 [32mINFO [0;39m restartedMain] [org.springframework.security.web.DefaultSecurityFilterChain] [36mWill secure any request with [org.springframework.security.web.session.DisableEncodeUrlFilter@78be09e8, org.springframework.security.web.context.request.async.WebAsyncManagerIntegrationFilter@5c62d71f, org.springframework.security.web.context.SecurityContextHolderFilter@55a28b05, org.springframework.security.web.header.HeaderWriterFilter@5445e646, org.springframework.web.filter.CorsFilter@79adfaf4, org.springframework.security.web.authentication.logout.LogoutFilter@649ba99b, com.greengram.greengram4.security.JwtAuthenticationFilter@7a1dc121, org.springframework.security.web.savedrequest.RequestCacheAwareFilter@57e9e70a, org.springframework.security.web.servletapi.SecurityContextHolderAwareRequestFilter@2c655c67, org.springframework.security.web.authentication.AnonymousAuthenticationFilter@100ec2c4, org.springframework.security.web.session.SessionManagementFilter@7acd6a06, org.springframework.security.web.access.ExceptionTranslationFilter@ab10f14, org.springframework.security.web.access.intercept.AuthorizationFilter@40253df8][0;39m
[2024-01-19 10:20:40 [32mINFO [0;39m restartedMain] [org.springframework.boot.devtools.autoconfigure.OptionalLiveReloadServer] [36mLiveReload server is running on port 35729[0;39m
[2024-01-19 10:20:40 [32mINFO [0;39m restartedMain] [org.apache.coyote.http11.Http11NioProtocol] [36mStarting ProtocolHandler ["http-nio-8080"][0;39m
[2024-01-19 10:20:40 [32mINFO [0;39m restartedMain] [org.springframework.boot.web.embedded.tomcat.TomcatWebServer] [36mTomcat started on port 8080 (http) with context path ''[0;39m
[2024-01-19 10:20:40 [32mINFO [0;39m restartedMain] [com.greengram.greengram4.Greengram5Application] [36mStarted Greengram4Application in 0.667 seconds (process running for 700.621)[0;39m
[2024-01-19 10:20:40 [32mINFO [0;39m restartedMain] [org.springframework.boot.devtools.autoconfigure.ConditionEvaluationDeltaLoggingListener] [36mCondition evaluation unchanged[0;39m
[2024-01-19 10:20:41 [32mINFO [0;39m File Watcher] [org.springframework.boot.devtools.autoconfigure.LocalDevToolsAutoConfiguration$RestartingClassPathChangeChangedEventListener] [36mRestarting due to 2 class path changes (2 additions, 0 deletions, 0 modifications)[0;39m
[2024-01-19 10:20:41 [32mINFO [0;39m Thread-7] [org.apache.coyote.http11.Http11NioProtocol] [36mStopping ProtocolHandler ["http-nio-8080"][0;39m
[2024-01-19 10:20:41 [32mINFO [0;39m restartedMain] [com.greengram.greengram4.Greengram5Application] [36mStarting Greengram4Application using Java 17.0.8.1 with PID 6456 (D:\Student\Java2023\greengram4\build\classes\java\main started by Administrator in D:\Student\Java2023\greengram4)[0;39m
[2024-01-19 10:20:41 [32mINFO [0;39m restartedMain] [com.greengram.greengram4.Greengram5Application] [36mNo active profile set, falling back to 1 default profile: "default"[0;39m
[2024-01-19 10:20:41 [32mINFO [0;39m restartedMain] [org.springframework.boot.web.embedded.tomcat.TomcatWebServer] [36mTomcat initialized with port 8080 (http)[0;39m
[2024-01-19 10:20:41 [32mINFO [0;39m restartedMain] [org.apache.coyote.http11.Http11NioProtocol] [36mInitializing ProtocolHandler ["http-nio-8080"][0;39m
[2024-01-19 10:20:41 [32mINFO [0;39m restartedMain] [org.apache.catalina.core.StandardService] [36mStarting service [Tomcat][0;39m
[2024-01-19 10:20:41 [32mINFO [0;39m restartedMain] [org.apache.catalina.core.StandardEngine] [36mStarting Servlet engine: [Apache Tomcat/10.1.17][0;39m
[2024-01-19 10:20:41 [32mINFO [0;39m restartedMain] [org.apache.catalina.core.ContainerBase.[Tomcat].[localhost].[/]] [36mInitializing Spring embedded WebApplicationContext[0;39m
[2024-01-19 10:20:41 [32mINFO [0;39m restartedMain] [org.springframework.boot.web.servlet.context.ServletWebServerApplicationContext] [36mRoot WebApplicationContext: initialization completed in 242 ms[0;39m
[2024-01-19 10:20:41 [32mINFO [0;39m restartedMain] [com.greengram.greengram4.security.JwtTokenProvider] [36msecret:DaeguGreenArtAcadenyClass502RoomForJavaSpringBootFighting[0;39m
[2024-01-19 10:20:42 [33mWARN [0;39m restartedMain] [org.springframework.boot.autoconfigure.security.servlet.UserDetailsServiceAutoConfiguration] [36m

Using generated security password: 65fe5443-0d1f-4591-9948-1fb8600af274

This generated password is for development use only. Your security configuration must be updated before running your application in production.
[0;39m
[2024-01-19 10:20:42 [32mINFO [0;39m restartedMain] [org.springframework.boot.autoconfigure.web.servlet.WelcomePageHandlerMapping] [36mAdding welcome page: class path resource [static/index.html][0;39m
[2024-01-19 10:20:42 [32mINFO [0;39m restartedMain] [org.springframework.security.web.DefaultSecurityFilterChain] [36mWill secure any request with [org.springframework.security.web.session.DisableEncodeUrlFilter@50d0ee05, org.springframework.security.web.context.request.async.WebAsyncManagerIntegrationFilter@58c8a0d9, org.springframework.security.web.context.SecurityContextHolderFilter@7d39167d, org.springframework.security.web.header.HeaderWriterFilter@4f4e685f, org.springframework.web.filter.CorsFilter@3502dfbf, org.springframework.security.web.authentication.logout.LogoutFilter@2e34c492, com.greengram.greengram4.security.JwtAuthenticationFilter@6ec97779, org.springframework.security.web.savedrequest.RequestCacheAwareFilter@5c6dcaa2, org.springframework.security.web.servletapi.SecurityContextHolderAwareRequestFilter@60dd4de0, org.springframework.security.web.authentication.AnonymousAuthenticationFilter@155c4876, org.springframework.security.web.session.SessionManagementFilter@64d3efd4, org.springframework.security.web.access.ExceptionTranslationFilter@3f43c6ce, org.springframework.security.web.access.intercept.AuthorizationFilter@1686cf16][0;39m
[2024-01-19 10:20:42 [32mINFO [0;39m restartedMain] [org.springframework.boot.devtools.autoconfigure.OptionalLiveReloadServer] [36mLiveReload server is running on port 35729[0;39m
[2024-01-19 10:20:42 [32mINFO [0;39m restartedMain] [org.apache.coyote.http11.Http11NioProtocol] [36mStarting ProtocolHandler ["http-nio-8080"][0;39m
[2024-01-19 10:20:42 [32mINFO [0;39m restartedMain] [org.springframework.boot.web.embedded.tomcat.TomcatWebServer] [36mTomcat started on port 8080 (http) with context path ''[0;39m
[2024-01-19 10:20:42 [32mINFO [0;39m restartedMain] [com.greengram.greengram4.Greengram5Application] [36mStarted Greengram4Application in 0.428 seconds (process running for 702.504)[0;39m
[2024-01-19 10:20:42 [32mINFO [0;39m restartedMain] [org.springframework.boot.devtools.autoconfigure.ConditionEvaluationDeltaLoggingListener] [36mCondition evaluation unchanged[0;39m
[2024-01-19 11:10:26 [32mINFO [0;39m background-preinit] [org.hibernate.validator.internal.util.Version] [36mHV000001: Hibernate Validator 8.0.1.Final[0;39m
[2024-01-19 11:10:26 [32mINFO [0;39m restartedMain] [com.greengram.greengram4.Greengram5Application] [36mStarting Greengram4Application using Java 17.0.8.1 with PID 7232 (D:\Student\Java2023\greengram4\build\classes\java\main started by Administrator in D:\Student\Java2023\greengram4)[0;39m
[2024-01-19 11:10:26 [32mINFO [0;39m restartedMain] [com.greengram.greengram4.Greengram5Application] [36mNo active profile set, falling back to 1 default profile: "default"[0;39m
[2024-01-19 11:10:26 [32mINFO [0;39m restartedMain] [org.springframework.boot.devtools.env.DevToolsPropertyDefaultsPostProcessor] [36mDevtools property defaults active! Set 'spring.devtools.add-properties' to 'false' to disable[0;39m
[2024-01-19 11:10:26 [32mINFO [0;39m restartedMain] [org.springframework.boot.devtools.env.DevToolsPropertyDefaultsPostProcessor] [36mFor additional web related logging consider setting the 'logging.level.web' property to 'DEBUG'[0;39m
[2024-01-19 11:10:27 [32mINFO [0;39m restartedMain] [org.springframework.boot.web.embedded.tomcat.TomcatWebServer] [36mTomcat initialized with port 8080 (http)[0;39m
[2024-01-19 11:10:27 [32mINFO [0;39m restartedMain] [org.apache.coyote.http11.Http11NioProtocol] [36mInitializing ProtocolHandler ["http-nio-8080"][0;39m
[2024-01-19 11:10:27 [32mINFO [0;39m restartedMain] [org.apache.catalina.core.StandardService] [36mStarting service [Tomcat][0;39m
[2024-01-19 11:10:27 [32mINFO [0;39m restartedMain] [org.apache.catalina.core.StandardEngine] [36mStarting Servlet engine: [Apache Tomcat/10.1.17][0;39m
[2024-01-19 11:10:27 [32mINFO [0;39m restartedMain] [org.apache.catalina.core.ContainerBase.[Tomcat].[localhost].[/]] [36mInitializing Spring embedded WebApplicationContext[0;39m
[2024-01-19 11:10:27 [32mINFO [0;39m restartedMain] [org.springframework.boot.web.servlet.context.ServletWebServerApplicationContext] [36mRoot WebApplicationContext: initialization completed in 939 ms[0;39m
[2024-01-19 11:10:27 [32mINFO [0;39m restartedMain] [com.greengram.greengram4.security.JwtTokenProvider] [36msecret:DaeguGreenArtAcadenyClass502RoomForJavaSpringBootFighting[0;39m
[2024-01-19 11:10:27 [32mINFO [0;39m restartedMain] [com.greengram.greengram4.common.FirebaseConfiguration] [36mFirebaseApp Initialization Complete !!![0;39m
[2024-01-19 11:10:27 [33mWARN [0;39m restartedMain] [org.springframework.boot.autoconfigure.security.servlet.UserDetailsServiceAutoConfiguration] [36m

Using generated security password: b6667c15-1606-4cb1-91d3-2d0b68ba6c26

This generated password is for development use only. Your security configuration must be updated before running your application in production.
[0;39m
[2024-01-19 11:10:27 [32mINFO [0;39m restartedMain] [org.springframework.boot.autoconfigure.web.servlet.WelcomePageHandlerMapping] [36mAdding welcome page: class path resource [static/index.html][0;39m
[2024-01-19 11:10:27 [32mINFO [0;39m restartedMain] [org.springframework.security.web.DefaultSecurityFilterChain] [36mWill secure any request with [org.springframework.security.web.session.DisableEncodeUrlFilter@688aabbc, org.springframework.security.web.context.request.async.WebAsyncManagerIntegrationFilter@2292da09, org.springframework.security.web.context.SecurityContextHolderFilter@7f4e7ef4, org.springframework.security.web.header.HeaderWriterFilter@751914c9, org.springframework.web.filter.CorsFilter@56381ef3, org.springframework.security.web.authentication.logout.LogoutFilter@746209b, com.greengram.greengram4.security.JwtAuthenticationFilter@49d6b943, org.springframework.security.web.savedrequest.RequestCacheAwareFilter@3b2565c1, org.springframework.security.web.servletapi.SecurityContextHolderAwareRequestFilter@639f1dc3, org.springframework.security.web.authentication.AnonymousAuthenticationFilter@4b8e6076, org.springframework.security.web.session.SessionManagementFilter@57671d9, org.springframework.security.web.access.ExceptionTranslationFilter@6a221785, org.springframework.security.web.access.intercept.AuthorizationFilter@7d26ee9a][0;39m
[2024-01-19 11:10:27 [32mINFO [0;39m restartedMain] [org.springframework.boot.devtools.autoconfigure.OptionalLiveReloadServer] [36mLiveReload server is running on port 35729[0;39m
[2024-01-19 11:10:27 [32mINFO [0;39m restartedMain] [org.apache.coyote.http11.Http11NioProtocol] [36mStarting ProtocolHandler ["http-nio-8080"][0;39m
[2024-01-19 11:10:27 [32mINFO [0;39m restartedMain] [org.springframework.boot.web.embedded.tomcat.TomcatWebServer] [36mTomcat started on port 8080 (http) with context path ''[0;39m
[2024-01-19 11:10:27 [32mINFO [0;39m restartedMain] [com.greengram.greengram4.Greengram5Application] [36mStarted Greengram4Application in 2.009 seconds (process running for 2.42)[0;39m
[2024-01-19 11:11:16 [32mINFO [0;39m background-preinit] [org.hibernate.validator.internal.util.Version] [36mHV000001: Hibernate Validator 8.0.1.Final[0;39m
[2024-01-19 11:11:16 [32mINFO [0;39m restartedMain] [com.greengram.greengram4.Greengram5Application] [36mStarting Greengram4Application using Java 17.0.8.1 with PID 9392 (D:\Student\Java2023\greengram4\build\classes\java\main started by Administrator in D:\Student\Java2023\greengram4)[0;39m
[2024-01-19 11:11:16 [32mINFO [0;39m restartedMain] [com.greengram.greengram4.Greengram5Application] [36mNo active profile set, falling back to 1 default profile: "default"[0;39m
[2024-01-19 11:11:16 [32mINFO [0;39m restartedMain] [org.springframework.boot.devtools.env.DevToolsPropertyDefaultsPostProcessor] [36mDevtools property defaults active! Set 'spring.devtools.add-properties' to 'false' to disable[0;39m
[2024-01-19 11:11:16 [32mINFO [0;39m restartedMain] [org.springframework.boot.devtools.env.DevToolsPropertyDefaultsPostProcessor] [36mFor additional web related logging consider setting the 'logging.level.web' property to 'DEBUG'[0;39m
[2024-01-19 11:11:17 [32mINFO [0;39m restartedMain] [org.springframework.boot.web.embedded.tomcat.TomcatWebServer] [36mTomcat initialized with port 8080 (http)[0;39m
[2024-01-19 11:11:17 [32mINFO [0;39m restartedMain] [org.springframework.boot.web.servlet.context.ServletWebServerApplicationContext] [36mRoot WebApplicationContext: initialization completed in 960 ms[0;39m
[2024-01-19 11:11:17 [32mINFO [0;39m restartedMain] [com.greengram.greengram4.security.JwtTokenProvider] [36msecret:DaeguGreenArtAcadenyClass502RoomForJavaSpringBootFighting[0;39m
[2024-01-19 11:11:17 [32mINFO [0;39m restartedMain] [com.greengram.greengram4.common.FirebaseConfiguration] [36mFirebaseApp Initialization Complete !!![0;39m
[2024-01-19 11:11:17 [33mWARN [0;39m restartedMain] [org.springframework.boot.autoconfigure.security.servlet.UserDetailsServiceAutoConfiguration] [36m

Using generated security password: b06ce75d-73fe-4cdd-88c7-cc4021d1ab50

This generated password is for development use only. Your security configuration must be updated before running your application in production.
[0;39m
[2024-01-19 11:11:17 [32mINFO [0;39m restartedMain] [org.springframework.boot.autoconfigure.web.servlet.WelcomePageHandlerMapping] [36mAdding welcome page: class path resource [static/index.html][0;39m
[2024-01-19 11:11:18 [32mINFO [0;39m restartedMain] [org.springframework.security.web.DefaultSecurityFilterChain] [36mWill secure any request with [org.springframework.security.web.session.DisableEncodeUrlFilter@755518e1, org.springframework.security.web.context.request.async.WebAsyncManagerIntegrationFilter@9f9b32e, org.springframework.security.web.context.SecurityContextHolderFilter@39a0e9d6, org.springframework.security.web.header.HeaderWriterFilter@32f0be1f, org.springframework.web.filter.CorsFilter@3ab7a978, org.springframework.security.web.authentication.logout.LogoutFilter@eeee944, com.greengram.greengram4.security.JwtAuthenticationFilter@538d6d9f, org.springframework.security.web.savedrequest.RequestCacheAwareFilter@75502dac, org.springframework.security.web.servletapi.SecurityContextHolderAwareRequestFilter@1cb34b82, org.springframework.security.web.authentication.AnonymousAuthenticationFilter@43737b37, org.springframework.security.web.session.SessionManagementFilter@5efedb2c, org.springframework.security.web.access.ExceptionTranslationFilter@35fb4dee, org.springframework.security.web.access.intercept.AuthorizationFilter@1ffc7590][0;39m
[2024-01-19 11:11:18 [32mINFO [0;39m restartedMain] [org.springframework.boot.devtools.autoconfigure.OptionalLiveReloadServer] [36mLiveReload server is running on port 35729[0;39m
[2024-01-19 11:11:18 [32mINFO [0;39m restartedMain] [org.springframework.boot.web.embedded.tomcat.TomcatWebServer] [36mTomcat started on port 8080 (http) with context path ''[0;39m
[2024-01-19 11:11:18 [32mINFO [0;39m restartedMain] [com.greengram.greengram4.Greengram5Application] [36mStarted Greengram4Application in 2.026 seconds (process running for 2.438)[0;39m
