[2024-01-03 13:12:19 [32mINFO [0;39m restartedMain] [com.greengram.greengram4.Greengram5Application] [36mStarting Greengram4Application using Java 17.0.8.1 with PID 11912 (D:\Student\Java2023\greengram4\build\classes\java\main started by Administrator in D:\Student\Java2023\greengram4)[0;39m
[2024-01-03 13:12:19 [32mINFO [0;39m restartedMain] [com.greengram.greengram4.Greengram5Application] [36mNo active profile set, falling back to 1 default profile: "default"[0;39m
[2024-01-03 13:12:19 [32mINFO [0;39m restartedMain] [org.springframework.boot.devtools.env.DevToolsPropertyDefaultsPostProcessor] [36mDevtools property defaults active! Set 'spring.devtools.add-properties' to 'false' to disable[0;39m
[2024-01-03 13:12:19 [32mINFO [0;39m restartedMain] [org.springframework.boot.devtools.env.DevToolsPropertyDefaultsPostProcessor] [36mFor additional web related logging consider setting the 'logging.level.web' property to 'DEBUG'[0;39m
[2024-01-03 13:12:20 [32mINFO [0;39m restartedMain] [org.springframework.boot.web.embedded.tomcat.TomcatWebServer] [36mTomcat initialized with port 8082 (http)[0;39m
[2024-01-03 13:12:20 [32mINFO [0;39m restartedMain] [org.apache.coyote.http11.Http11NioProtocol] [36mInitializing ProtocolHandler ["http-nio-8082"][0;39m
[2024-01-03 13:12:20 [32mINFO [0;39m restartedMain] [org.apache.catalina.core.StandardService] [36mStarting service [Tomcat][0;39m
[2024-01-03 13:12:20 [32mINFO [0;39m restartedMain] [org.apache.catalina.core.StandardEngine] [36mStarting Servlet engine: [Apache Tomcat/10.1.17][0;39m
[2024-01-03 13:12:20 [32mINFO [0;39m restartedMain] [org.apache.catalina.core.ContainerBase.[Tomcat].[localhost].[/]] [36mInitializing Spring embedded WebApplicationContext[0;39m
[2024-01-03 13:12:20 [32mINFO [0;39m restartedMain] [org.springframework.boot.web.servlet.context.ServletWebServerApplicationContext] [36mRoot WebApplicationContext: initialization completed in 929 ms[0;39m
[2024-01-03 13:12:20 [32mINFO [0;39m restartedMain] [com.greengram.greengram4.common.FirebaseConfiguration] [36mFirebaseApp Initialization Complete !!![0;39m
[2024-01-03 13:12:20 [32mINFO [0;39m restartedMain] [org.springframework.boot.autoconfigure.web.servlet.WelcomePageHandlerMapping] [36mAdding welcome page: class path resource [static/index.html][0;39m
[2024-01-03 13:12:21 [33mWARN [0;39m restartedMain] [org.springframework.boot.autoconfigure.security.servlet.UserDetailsServiceAutoConfiguration] [36m

Using generated security password: 8722a413-24ce-4309-85df-c1f3b24588f7

This generated password is for development use only. Your security configuration must be updated before running your application in production.
[0;39m
[2024-01-03 13:12:21 [32mINFO [0;39m restartedMain] [org.springframework.security.web.DefaultSecurityFilterChain] [36mWill secure any request with [org.springframework.security.web.session.DisableEncodeUrlFilter@4500d142, org.springframework.security.web.context.request.async.WebAsyncManagerIntegrationFilter@44cdc11a, org.springframework.security.web.context.SecurityContextHolderFilter@75059cf7, org.springframework.security.web.header.HeaderWriterFilter@33d10cec, org.springframework.web.filter.CorsFilter@38570c35, org.springframework.security.web.csrf.CsrfFilter@1b1dfef0, org.springframework.security.web.authentication.logout.LogoutFilter@3d8d0aad, org.springframework.security.web.authentication.UsernamePasswordAuthenticationFilter@20b13308, org.springframework.security.web.authentication.ui.DefaultLoginPageGeneratingFilter@33eb1b53, org.springframework.security.web.authentication.ui.DefaultLogoutPageGeneratingFilter@71eb5c73, org.springframework.security.web.authentication.www.BasicAuthenticationFilter@6c6db42c, org.springframework.security.web.savedrequest.RequestCacheAwareFilter@587d23b6, org.springframework.security.web.servletapi.SecurityContextHolderAwareRequestFilter@5019099c, org.springframework.security.web.authentication.AnonymousAuthenticationFilter@322209cd, org.springframework.security.web.access.ExceptionTranslationFilter@7aa18f4b, org.springframework.security.web.access.intercept.AuthorizationFilter@9746f61][0;39m
[2024-01-03 13:12:21 [32mINFO [0;39m restartedMain] [org.springframework.boot.devtools.autoconfigure.OptionalLiveReloadServer] [36mLiveReload server is running on port 35729[0;39m
[2024-01-03 13:12:21 [32mINFO [0;39m restartedMain] [org.apache.coyote.http11.Http11NioProtocol] [36mStarting ProtocolHandler ["http-nio-8082"][0;39m
[2024-01-03 13:12:21 [32mINFO [0;39m restartedMain] [org.springframework.boot.web.embedded.tomcat.TomcatWebServer] [36mTomcat started on port 8082 (http) with context path ''[0;39m
[2024-01-03 13:12:21 [32mINFO [0;39m restartedMain] [com.greengram.greengram4.Greengram5Application] [36mStarted Greengram4Application in 2.251 seconds (process running for 2.766)[0;39m
[2024-01-03 13:12:45 [32mINFO [0;39m http-nio-8082-exec-1] [org.apache.catalina.core.ContainerBase.[Tomcat].[localhost].[/]] [36mInitializing Spring DispatcherServlet 'dispatcherServlet'[0;39m
[2024-01-03 13:12:45 [32mINFO [0;39m http-nio-8082-exec-1] [org.springframework.web.servlet.DispatcherServlet] [36mInitializing Servlet 'dispatcherServlet'[0;39m
[2024-01-03 13:12:45 [32mINFO [0;39m http-nio-8082-exec-1] [org.springframework.web.servlet.DispatcherServlet] [36mCompleted initialization in 0 ms[0;39m
[2024-01-03 14:21:56 [32mINFO [0;39m restartedMain] [com.greengram.greengram4.Greengram5Application] [36mStarting Greengram4Application using Java 17.0.8.1 with PID 9456 (D:\Student\Java2023\greengram4\build\classes\java\main started by Administrator in D:\Student\Java2023\greengram4)[0;39m
[2024-01-03 14:21:56 [32mINFO [0;39m restartedMain] [com.greengram.greengram4.Greengram5Application] [36mNo active profile set, falling back to 1 default profile: "default"[0;39m
[2024-01-03 14:21:56 [32mINFO [0;39m restartedMain] [org.springframework.boot.devtools.env.DevToolsPropertyDefaultsPostProcessor] [36mDevtools property defaults active! Set 'spring.devtools.add-properties' to 'false' to disable[0;39m
[2024-01-03 14:21:56 [32mINFO [0;39m restartedMain] [org.springframework.boot.devtools.env.DevToolsPropertyDefaultsPostProcessor] [36mFor additional web related logging consider setting the 'logging.level.web' property to 'DEBUG'[0;39m
[2024-01-03 14:21:56 [32mINFO [0;39m restartedMain] [org.springframework.boot.web.embedded.tomcat.TomcatWebServer] [36mTomcat initialized with port 8082 (http)[0;39m
[2024-01-03 14:21:56 [32mINFO [0;39m restartedMain] [org.apache.coyote.http11.Http11NioProtocol] [36mInitializing ProtocolHandler ["http-nio-8082"][0;39m
[2024-01-03 14:21:56 [32mINFO [0;39m restartedMain] [org.apache.catalina.core.StandardService] [36mStarting service [Tomcat][0;39m
[2024-01-03 14:21:56 [32mINFO [0;39m restartedMain] [org.apache.catalina.core.StandardEngine] [36mStarting Servlet engine: [Apache Tomcat/10.1.17][0;39m
[2024-01-03 14:21:56 [32mINFO [0;39m restartedMain] [org.apache.catalina.core.ContainerBase.[Tomcat].[localhost].[/]] [36mInitializing Spring embedded WebApplicationContext[0;39m
[2024-01-03 14:21:56 [32mINFO [0;39m restartedMain] [org.springframework.boot.web.servlet.context.ServletWebServerApplicationContext] [36mRoot WebApplicationContext: initialization completed in 919 ms[0;39m
[2024-01-03 14:21:57 [32mINFO [0;39m restartedMain] [com.greengram.greengram4.common.FirebaseConfiguration] [36mFirebaseApp Initialization Complete !!![0;39m
[2024-01-03 14:21:57 [32mINFO [0;39m restartedMain] [org.springframework.boot.autoconfigure.web.servlet.WelcomePageHandlerMapping] [36mAdding welcome page: class path resource [static/index.html][0;39m
[2024-01-03 14:21:57 [33mWARN [0;39m restartedMain] [org.springframework.boot.autoconfigure.security.servlet.UserDetailsServiceAutoConfiguration] [36m

Using generated security password: 8a499171-c3d2-454f-9a2b-09fa19eedacc

This generated password is for development use only. Your security configuration must be updated before running your application in production.
[0;39m
[2024-01-03 14:21:57 [32mINFO [0;39m restartedMain] [org.springframework.security.web.DefaultSecurityFilterChain] [36mWill secure any request with [org.springframework.security.web.session.DisableEncodeUrlFilter@5d33d5d3, org.springframework.security.web.context.request.async.WebAsyncManagerIntegrationFilter@5d090c90, org.springframework.security.web.context.SecurityContextHolderFilter@5ceab52b, org.springframework.security.web.header.HeaderWriterFilter@7d4534aa, org.springframework.web.filter.CorsFilter@12764204, org.springframework.security.web.csrf.CsrfFilter@d186db7, org.springframework.security.web.authentication.logout.LogoutFilter@322209cd, org.springframework.security.web.authentication.UsernamePasswordAuthenticationFilter@6809cab6, org.springframework.security.web.authentication.ui.DefaultLoginPageGeneratingFilter@9746f61, org.springframework.security.web.authentication.ui.DefaultLogoutPageGeneratingFilter@68386c8b, org.springframework.security.web.authentication.www.BasicAuthenticationFilter@70be008d, org.springframework.security.web.savedrequest.RequestCacheAwareFilter@64749457, org.springframework.security.web.servletapi.SecurityContextHolderAwareRequestFilter@65d9591b, org.springframework.security.web.authentication.AnonymousAuthenticationFilter@2b66a112, org.springframework.security.web.access.ExceptionTranslationFilter@2300dd86, org.springframework.security.web.access.intercept.AuthorizationFilter@14680855][0;39m
[2024-01-03 14:21:57 [32mINFO [0;39m restartedMain] [org.springframework.boot.devtools.autoconfigure.OptionalLiveReloadServer] [36mLiveReload server is running on port 35729[0;39m
[2024-01-03 14:21:57 [32mINFO [0;39m restartedMain] [org.apache.coyote.http11.Http11NioProtocol] [36mStarting ProtocolHandler ["http-nio-8082"][0;39m
[2024-01-03 14:21:57 [32mINFO [0;39m restartedMain] [org.springframework.boot.web.embedded.tomcat.TomcatWebServer] [36mTomcat started on port 8082 (http) with context path ''[0;39m
[2024-01-03 14:21:57 [32mINFO [0;39m restartedMain] [com.greengram.greengram4.Greengram5Application] [36mStarted Greengram4Application in 2.175 seconds (process running for 2.636)[0;39m
[2024-01-03 14:21:59 [32mINFO [0;39m http-nio-8082-exec-1] [org.apache.catalina.core.ContainerBase.[Tomcat].[localhost].[/]] [36mInitializing Spring DispatcherServlet 'dispatcherServlet'[0;39m
[2024-01-03 14:21:59 [32mINFO [0;39m http-nio-8082-exec-1] [org.springframework.web.servlet.DispatcherServlet] [36mInitializing Servlet 'dispatcherServlet'[0;39m
[2024-01-03 14:21:59 [32mINFO [0;39m http-nio-8082-exec-1] [org.springframework.web.servlet.DispatcherServlet] [36mCompleted initialization in 1 ms[0;39m
[2024-01-03 14:22:29 [32mINFO [0;39m restartedMain] [com.greengram.greengram4.Greengram5Application] [36mStarting Greengram4Application using Java 17.0.8.1 with PID 1204 (D:\Student\Java2023\greengram4\build\classes\java\main started by Administrator in D:\Student\Java2023\greengram4)[0;39m
[2024-01-03 14:22:29 [32mINFO [0;39m restartedMain] [com.greengram.greengram4.Greengram5Application] [36mNo active profile set, falling back to 1 default profile: "default"[0;39m
[2024-01-03 14:22:29 [32mINFO [0;39m restartedMain] [org.springframework.boot.devtools.env.DevToolsPropertyDefaultsPostProcessor] [36mDevtools property defaults active! Set 'spring.devtools.add-properties' to 'false' to disable[0;39m
[2024-01-03 14:22:29 [32mINFO [0;39m restartedMain] [org.springframework.boot.devtools.env.DevToolsPropertyDefaultsPostProcessor] [36mFor additional web related logging consider setting the 'logging.level.web' property to 'DEBUG'[0;39m
[2024-01-03 14:22:30 [32mINFO [0;39m restartedMain] [org.springframework.boot.web.embedded.tomcat.TomcatWebServer] [36mTomcat initialized with port 8082 (http)[0;39m
[2024-01-03 14:22:30 [32mINFO [0;39m restartedMain] [org.apache.coyote.http11.Http11NioProtocol] [36mInitializing ProtocolHandler ["http-nio-8082"][0;39m
[2024-01-03 14:22:30 [32mINFO [0;39m restartedMain] [org.apache.catalina.core.StandardService] [36mStarting service [Tomcat][0;39m
[2024-01-03 14:22:30 [32mINFO [0;39m restartedMain] [org.apache.catalina.core.StandardEngine] [36mStarting Servlet engine: [Apache Tomcat/10.1.17][0;39m
[2024-01-03 14:22:30 [32mINFO [0;39m restartedMain] [org.apache.catalina.core.ContainerBase.[Tomcat].[localhost].[/]] [36mInitializing Spring embedded WebApplicationContext[0;39m
[2024-01-03 14:22:30 [32mINFO [0;39m restartedMain] [org.springframework.boot.web.servlet.context.ServletWebServerApplicationContext] [36mRoot WebApplicationContext: initialization completed in 1000 ms[0;39m
[2024-01-03 14:22:30 [32mINFO [0;39m restartedMain] [com.greengram.greengram4.common.FirebaseConfiguration] [36mFirebaseApp Initialization Complete !!![0;39m
[2024-01-03 14:22:30 [32mINFO [0;39m restartedMain] [org.springframework.boot.autoconfigure.web.servlet.WelcomePageHandlerMapping] [36mAdding welcome page: class path resource [static/index.html][0;39m
[2024-01-03 14:22:30 [33mWARN [0;39m restartedMain] [org.springframework.boot.autoconfigure.security.servlet.UserDetailsServiceAutoConfiguration] [36m

Using generated security password: e9395166-b7fb-4661-bc33-b390efb3f745

This generated password is for development use only. Your security configuration must be updated before running your application in production.
[0;39m
[2024-01-03 14:22:30 [32mINFO [0;39m restartedMain] [org.springframework.security.web.DefaultSecurityFilterChain] [36mWill secure any request with [org.springframework.security.web.session.DisableEncodeUrlFilter@4d3692d4, org.springframework.security.web.context.request.async.WebAsyncManagerIntegrationFilter@6b0dec1d, org.springframework.security.web.context.SecurityContextHolderFilter@6b142014, org.springframework.security.web.header.HeaderWriterFilter@14a3d1cd, org.springframework.web.filter.CorsFilter@47925f33, org.springframework.security.web.csrf.CsrfFilter@762f0d95, org.springframework.security.web.authentication.logout.LogoutFilter@393e1437, org.springframework.security.web.authentication.UsernamePasswordAuthenticationFilter@89cace2, org.springframework.security.web.authentication.ui.DefaultLoginPageGeneratingFilter@1fb46b73, org.springframework.security.web.authentication.ui.DefaultLogoutPageGeneratingFilter@73a9c394, org.springframework.security.web.authentication.www.BasicAuthenticationFilter@6c095295, org.springframework.security.web.savedrequest.RequestCacheAwareFilter@1784a470, org.springframework.security.web.servletapi.SecurityContextHolderAwareRequestFilter@25195fd5, org.springframework.security.web.authentication.AnonymousAuthenticationFilter@a705f07, org.springframework.security.web.access.ExceptionTranslationFilter@699f8205, org.springframework.security.web.access.intercept.AuthorizationFilter@a8eb783][0;39m
[2024-01-03 14:22:30 [32mINFO [0;39m restartedMain] [org.springframework.boot.devtools.autoconfigure.OptionalLiveReloadServer] [36mLiveReload server is running on port 35729[0;39m
[2024-01-03 14:22:30 [32mINFO [0;39m restartedMain] [org.apache.coyote.http11.Http11NioProtocol] [36mStarting ProtocolHandler ["http-nio-8082"][0;39m
[2024-01-03 14:22:30 [32mINFO [0;39m restartedMain] [org.springframework.boot.web.embedded.tomcat.TomcatWebServer] [36mTomcat started on port 8082 (http) with context path ''[0;39m
[2024-01-03 14:22:30 [32mINFO [0;39m restartedMain] [com.greengram.greengram4.Greengram5Application] [36mStarted Greengram4Application in 2.237 seconds (process running for 2.631)[0;39m
[2024-01-03 14:22:31 [32mINFO [0;39m http-nio-8082-exec-1] [org.apache.catalina.core.ContainerBase.[Tomcat].[localhost].[/]] [36mInitializing Spring DispatcherServlet 'dispatcherServlet'[0;39m
[2024-01-03 14:22:31 [32mINFO [0;39m http-nio-8082-exec-1] [org.springframework.web.servlet.DispatcherServlet] [36mInitializing Servlet 'dispatcherServlet'[0;39m
[2024-01-03 14:22:31 [32mINFO [0;39m http-nio-8082-exec-1] [org.springframework.web.servlet.DispatcherServlet] [36mCompleted initialization in 1 ms[0;39m
