[2024-01-04 11:32:33 [32mINFO [0;39m restartedMain] [com.greengram.greengram4.Greengram4Application] [36mStarting Greengram4Application using Java 17.0.8.1 with PID 8432 (D:\Student\Java2023\greengram4\build\classes\java\main started by Administrator in D:\Student\Java2023\greengram4)[0;39m
[2024-01-04 11:32:33 [32mINFO [0;39m restartedMain] [com.greengram.greengram4.Greengram4Application] [36mNo active profile set, falling back to 1 default profile: "default"[0;39m
[2024-01-04 11:32:33 [32mINFO [0;39m restartedMain] [org.springframework.boot.devtools.env.DevToolsPropertyDefaultsPostProcessor] [36mDevtools property defaults active! Set 'spring.devtools.add-properties' to 'false' to disable[0;39m
[2024-01-04 11:32:33 [32mINFO [0;39m restartedMain] [org.springframework.boot.devtools.env.DevToolsPropertyDefaultsPostProcessor] [36mFor additional web related logging consider setting the 'logging.level.web' property to 'DEBUG'[0;39m
[2024-01-04 11:32:34 [32mINFO [0;39m restartedMain] [org.springframework.boot.web.embedded.tomcat.TomcatWebServer] [36mTomcat initialized with port 8082 (http)[0;39m
[2024-01-04 11:32:34 [32mINFO [0;39m restartedMain] [org.apache.coyote.http11.Http11NioProtocol] [36mInitializing ProtocolHandler ["http-nio-8082"][0;39m
[2024-01-04 11:32:34 [32mINFO [0;39m restartedMain] [org.apache.catalina.core.StandardService] [36mStarting service [Tomcat][0;39m
[2024-01-04 11:32:34 [32mINFO [0;39m restartedMain] [org.apache.catalina.core.StandardEngine] [36mStarting Servlet engine: [Apache Tomcat/10.1.17][0;39m
[2024-01-04 11:32:34 [32mINFO [0;39m restartedMain] [org.apache.catalina.core.ContainerBase.[Tomcat].[localhost].[/]] [36mInitializing Spring embedded WebApplicationContext[0;39m
[2024-01-04 11:32:34 [32mINFO [0;39m restartedMain] [org.springframework.boot.web.servlet.context.ServletWebServerApplicationContext] [36mRoot WebApplicationContext: initialization completed in 1470 ms[0;39m
[2024-01-04 11:32:34 [32mINFO [0;39m restartedMain] [com.greengram.greengram4.common.FirebaseConfiguration] [36mFirebaseApp Initialization Complete !!![0;39m
[2024-01-04 11:32:35 [32mINFO [0;39m restartedMain] [org.springframework.boot.autoconfigure.web.servlet.WelcomePageHandlerMapping] [36mAdding welcome page: class path resource [static/index.html][0;39m
[2024-01-04 11:32:35 [33mWARN [0;39m restartedMain] [org.springframework.boot.autoconfigure.security.servlet.UserDetailsServiceAutoConfiguration] [36m

Using generated security password: 12369204-941f-4757-82aa-381eacda58f3

This generated password is for development use only. Your security configuration must be updated before running your application in production.
[0;39m
[2024-01-04 11:32:35 [32mINFO [0;39m restartedMain] [org.springframework.security.web.DefaultSecurityFilterChain] [36mWill secure any request with [org.springframework.security.web.session.DisableEncodeUrlFilter@17c63e3d, org.springframework.security.web.context.request.async.WebAsyncManagerIntegrationFilter@31bc1a09, org.springframework.security.web.context.SecurityContextHolderFilter@71210ff5, org.springframework.security.web.header.HeaderWriterFilter@aa5ad4d, org.springframework.web.filter.CorsFilter@5fdc8786, org.springframework.security.web.csrf.CsrfFilter@75059cf7, org.springframework.security.web.authentication.logout.LogoutFilter@185b8915, org.springframework.security.web.authentication.UsernamePasswordAuthenticationFilter@6771d61e, org.springframework.security.web.authentication.ui.DefaultLoginPageGeneratingFilter@28c891cd, org.springframework.security.web.authentication.ui.DefaultLogoutPageGeneratingFilter@59079586, org.springframework.security.web.authentication.www.BasicAuthenticationFilter@6809cab6, org.springframework.security.web.savedrequest.RequestCacheAwareFilter@19aa9819, org.springframework.security.web.servletapi.SecurityContextHolderAwareRequestFilter@44aafb6a, org.springframework.security.web.authentication.AnonymousAuthenticationFilter@7f166f4d, org.springframework.security.web.access.ExceptionTranslationFilter@4599dc33, org.springframework.security.web.access.intercept.AuthorizationFilter@11169e65][0;39m
[2024-01-04 11:32:35 [32mINFO [0;39m restartedMain] [org.springframework.boot.devtools.autoconfigure.OptionalLiveReloadServer] [36mLiveReload server is running on port 35729[0;39m
[2024-01-04 11:32:35 [32mINFO [0;39m restartedMain] [org.apache.coyote.http11.Http11NioProtocol] [36mStarting ProtocolHandler ["http-nio-8082"][0;39m
[2024-01-04 11:32:35 [32mINFO [0;39m restartedMain] [org.springframework.boot.web.embedded.tomcat.TomcatWebServer] [36mTomcat started on port 8082 (http) with context path ''[0;39m
[2024-01-04 11:32:35 [32mINFO [0;39m restartedMain] [com.greengram.greengram4.Greengram4Application] [36mStarted Greengram4Application in 3.345 seconds (process running for 4.128)[0;39m
[2024-01-04 11:32:35 [32mINFO [0;39m http-nio-8082-exec-1] [org.apache.catalina.core.ContainerBase.[Tomcat].[localhost].[/]] [36mInitializing Spring DispatcherServlet 'dispatcherServlet'[0;39m
[2024-01-04 11:32:36 [32mINFO [0;39m http-nio-8082-exec-1] [org.springframework.web.servlet.DispatcherServlet] [36mInitializing Servlet 'dispatcherServlet'[0;39m
[2024-01-04 11:32:36 [32mINFO [0;39m http-nio-8082-exec-1] [org.springframework.web.servlet.DispatcherServlet] [36mCompleted initialization in 1 ms[0;39m
[2024-01-04 12:12:29 [32mINFO [0;39m File Watcher] [org.springframework.boot.devtools.autoconfigure.LocalDevToolsAutoConfiguration$RestartingClassPathChangeChangedEventListener] [36mRestarting due to 1 class path change (1 addition, 0 deletions, 0 modifications)[0;39m
[2024-01-04 12:12:29 [32mINFO [0;39m Thread-5] [org.apache.coyote.http11.Http11NioProtocol] [36mStopping ProtocolHandler ["http-nio-8082"][0;39m
[2024-01-04 12:12:29 [32mINFO [0;39m restartedMain] [com.greengram.greengram4.Greengram4Application] [36mStarting Greengram4Application using Java 17.0.8.1 with PID 8432 (D:\Student\Java2023\greengram4\build\classes\java\main started by Administrator in D:\Student\Java2023\greengram4)[0;39m
[2024-01-04 12:12:29 [32mINFO [0;39m restartedMain] [com.greengram.greengram4.Greengram4Application] [36mNo active profile set, falling back to 1 default profile: "default"[0;39m
[2024-01-04 12:12:30 [32mINFO [0;39m restartedMain] [org.springframework.boot.web.embedded.tomcat.TomcatWebServer] [36mTomcat initialized with port 8082 (http)[0;39m
[2024-01-04 12:12:30 [32mINFO [0;39m restartedMain] [org.apache.coyote.http11.Http11NioProtocol] [36mInitializing ProtocolHandler ["http-nio-8082"][0;39m
[2024-01-04 12:12:30 [32mINFO [0;39m restartedMain] [org.apache.catalina.core.StandardService] [36mStarting service [Tomcat][0;39m
[2024-01-04 12:12:30 [32mINFO [0;39m restartedMain] [org.apache.catalina.core.StandardEngine] [36mStarting Servlet engine: [Apache Tomcat/10.1.17][0;39m
[2024-01-04 12:12:30 [32mINFO [0;39m restartedMain] [org.apache.catalina.core.ContainerBase.[Tomcat].[localhost].[/]] [36mInitializing Spring embedded WebApplicationContext[0;39m
[2024-01-04 12:12:30 [32mINFO [0;39m restartedMain] [org.springframework.boot.web.servlet.context.ServletWebServerApplicationContext] [36mRoot WebApplicationContext: initialization completed in 270 ms[0;39m
[2024-01-04 12:12:30 [33mWARN [0;39m restartedMain] [org.springframework.boot.autoconfigure.security.servlet.UserDetailsServiceAutoConfiguration] [36m

Using generated security password: e0346415-209b-4f02-8cf3-1dcad0f7569d

This generated password is for development use only. Your security configuration must be updated before running your application in production.
[0;39m
[2024-01-04 12:12:30 [32mINFO [0;39m restartedMain] [org.springframework.boot.autoconfigure.web.servlet.WelcomePageHandlerMapping] [36mAdding welcome page: class path resource [static/index.html][0;39m
[2024-01-04 12:12:30 [32mINFO [0;39m restartedMain] [org.springframework.security.web.DefaultSecurityFilterChain] [36mWill secure any request with [org.springframework.security.web.session.DisableEncodeUrlFilter@6b6058f6, org.springframework.security.web.context.request.async.WebAsyncManagerIntegrationFilter@fda1617, org.springframework.security.web.context.SecurityContextHolderFilter@3c8a584, org.springframework.security.web.header.HeaderWriterFilter@15fd5e6f, org.springframework.web.filter.CorsFilter@5a26b19b, org.springframework.security.web.csrf.CsrfFilter@8a7b028, org.springframework.security.web.authentication.logout.LogoutFilter@3e30980a, org.springframework.security.web.authentication.UsernamePasswordAuthenticationFilter@43d2cf78, org.springframework.security.web.authentication.ui.DefaultLoginPageGeneratingFilter@26fc6c9d, org.springframework.security.web.authentication.ui.DefaultLogoutPageGeneratingFilter@274918ce, org.springframework.security.web.authentication.www.BasicAuthenticationFilter@64533821, org.springframework.security.web.savedrequest.RequestCacheAwareFilter@36db7325, org.springframework.security.web.servletapi.SecurityContextHolderAwareRequestFilter@598d4fe5, org.springframework.security.web.authentication.AnonymousAuthenticationFilter@4e874339, org.springframework.security.web.access.ExceptionTranslationFilter@6121c318, org.springframework.security.web.access.intercept.AuthorizationFilter@54361d10][0;39m
[2024-01-04 12:12:30 [32mINFO [0;39m restartedMain] [org.springframework.boot.devtools.autoconfigure.OptionalLiveReloadServer] [36mLiveReload server is running on port 35729[0;39m
[2024-01-04 12:12:30 [32mINFO [0;39m restartedMain] [org.apache.coyote.http11.Http11NioProtocol] [36mStarting ProtocolHandler ["http-nio-8082"][0;39m
[2024-01-04 12:12:30 [32mINFO [0;39m restartedMain] [org.springframework.boot.web.embedded.tomcat.TomcatWebServer] [36mTomcat started on port 8082 (http) with context path ''[0;39m
[2024-01-04 12:12:30 [32mINFO [0;39m restartedMain] [com.greengram.greengram4.Greengram4Application] [36mStarted Greengram4Application in 0.472 seconds (process running for 2398.633)[0;39m
[2024-01-04 12:12:30 [32mINFO [0;39m restartedMain] [org.springframework.boot.devtools.autoconfigure.ConditionEvaluationDeltaLoggingListener] [36mCondition evaluation delta:


==========================
CONDITION EVALUATION DELTA
==========================


Positive matches:
-----------------

    None


Negative matches:
-----------------

   SpringBootWebSecurityConfiguration.SecurityFilterChainConfiguration:
      Did not match:
         - AllNestedConditions 1 matched 1 did not; NestedCondition on DefaultWebSecurityCondition.Beans @ConditionalOnMissingBean (types: org.springframework.security.web.SecurityFilterChain; SearchStrategy: all) found beans of type 'org.springframework.security.web.SecurityFilterChain' filterChain; NestedCondition on DefaultWebSecurityCondition.Classes @ConditionalOnClass found required classes 'org.springframework.security.web.SecurityFilterChain', 'org.springframework.security.config.annotation.web.builders.HttpSecurity' (DefaultWebSecurityCondition)


Exclusions:
-----------

    None


Unconditional classes:
----------------------

    None


[0;39m
