[2024-02-27 12:05:20 [32mINFO [0;39m background-preinit] [org.hibernate.validator.internal.util.Version] [36mHV000001: Hibernate Validator 8.0.1.Final[0;39m
[2024-02-27 12:05:20 [32mINFO [0;39m restartedMain] [com.greengram.greengram4.Greengram5Application] [36mStarting Greengram5Application using Java 17.0.8.1 with PID 8360 (D:\Student\Java2023\greengram5\build\classes\java\main started by Administrator in D:\Student\Java2023\greengram5)[0;39m
[2024-02-27 12:05:20 [32mINFO [0;39m restartedMain] [com.greengram.greengram4.Greengram5Application] [36mThe following 1 profile is active: "jpa"[0;39m
[2024-02-27 12:05:20 [32mINFO [0;39m restartedMain] [org.springframework.boot.devtools.env.DevToolsPropertyDefaultsPostProcessor] [36mDevtools property defaults active! Set 'spring.devtools.add-properties' to 'false' to disable[0;39m
[2024-02-27 12:05:20 [32mINFO [0;39m restartedMain] [org.springframework.boot.devtools.env.DevToolsPropertyDefaultsPostProcessor] [36mFor additional web related logging consider setting the 'logging.level.web' property to 'DEBUG'[0;39m
[2024-02-27 12:05:21 [32mINFO [0;39m restartedMain] [org.springframework.data.repository.config.RepositoryConfigurationDelegate] [36mBootstrapping Spring Data JPA repositories in DEFAULT mode.[0;39m
[2024-02-27 12:05:21 [32mINFO [0;39m restartedMain] [org.springframework.data.repository.config.RepositoryConfigurationDelegate] [36mFinished Spring Data repository scanning in 112 ms. Found 5 JPA repository interfaces.[0;39m
[2024-02-27 12:05:21 [32mINFO [0;39m restartedMain] [org.springframework.boot.web.embedded.tomcat.TomcatWebServer] [36mTomcat initialized with port 8080 (http)[0;39m
[2024-02-27 12:05:21 [32mINFO [0;39m restartedMain] [org.apache.coyote.http11.Http11NioProtocol] [36mInitializing ProtocolHandler ["http-nio-8080"][0;39m
[2024-02-27 12:05:21 [32mINFO [0;39m restartedMain] [org.apache.catalina.core.StandardService] [36mStarting service [Tomcat][0;39m
[2024-02-27 12:05:21 [32mINFO [0;39m restartedMain] [org.apache.catalina.core.StandardEngine] [36mStarting Servlet engine: [Apache Tomcat/10.1.17][0;39m
[2024-02-27 12:05:22 [32mINFO [0;39m restartedMain] [org.apache.catalina.core.ContainerBase.[Tomcat].[localhost].[/]] [36mInitializing Spring embedded WebApplicationContext[0;39m
[2024-02-27 12:05:22 [32mINFO [0;39m restartedMain] [org.springframework.boot.web.servlet.context.ServletWebServerApplicationContext] [36mRoot WebApplicationContext: initialization completed in 1377 ms[0;39m
[2024-02-27 12:05:22 [32mINFO [0;39m restartedMain] [com.greengram.greengram4.security.JwtTokenProvider] [36msecret:DaeguGreenArtAcademyClass502RoomForJavaSpringBootFighting[0;39m
[2024-02-27 12:05:22 [32mINFO [0;39m restartedMain] [org.hibernate.jpa.internal.util.LogHelper] [36mHHH000204: Processing PersistenceUnitInfo [name: default][0;39m
[2024-02-27 12:05:22 [32mINFO [0;39m restartedMain] [org.hibernate.Version] [36mHHH000412: Hibernate ORM core version 6.4.1.Final[0;39m
[2024-02-27 12:05:22 [32mINFO [0;39m restartedMain] [org.hibernate.cache.internal.RegionFactoryInitiator] [36mHHH000026: Second-level cache disabled[0;39m
[2024-02-27 12:05:22 [32mINFO [0;39m restartedMain] [org.springframework.orm.jpa.persistenceunit.SpringPersistenceUnitInfo] [36mNo LoadTimeWeaver setup: ignoring JPA class transformer[0;39m
[2024-02-27 12:05:22 [32mINFO [0;39m restartedMain] [com.zaxxer.hikari.HikariDataSource] [36mHikariPool-1 - Starting...[0;39m
[2024-02-27 12:05:22 [32mINFO [0;39m restartedMain] [com.zaxxer.hikari.pool.HikariPool] [36mHikariPool-1 - Added connection org.mariadb.jdbc.Connection@3216013[0;39m
[2024-02-27 12:05:22 [32mINFO [0;39m restartedMain] [com.zaxxer.hikari.HikariDataSource] [36mHikariPool-1 - Start completed.[0;39m
[2024-02-27 12:05:23 [32mINFO [0;39m restartedMain] [org.hibernate.engine.transaction.jta.platform.internal.JtaPlatformInitiator] [36mHHH000489: No JTA platform available (set 'hibernate.transaction.jta.platform' to enable JTA platform integration)[0;39m
[2024-02-27 12:05:23 [32mINFO [0;39m restartedMain] [org.springframework.orm.jpa.LocalContainerEntityManagerFactoryBean] [36mInitialized JPA EntityManagerFactory for persistence unit 'default'[0;39m
[2024-02-27 12:05:23 [32mINFO [0;39m restartedMain] [com.greengram.greengram4.common.FirebaseConfiguration] [36mFirebaseApp Initialization Complete !!![0;39m
[2024-02-27 12:05:24 [32mINFO [0;39m restartedMain] [org.springframework.boot.autoconfigure.web.servlet.WelcomePageHandlerMapping] [36mAdding welcome page: class path resource [static/index.html][0;39m
[2024-02-27 12:05:24 [32mINFO [0;39m restartedMain] [org.springframework.security.web.DefaultSecurityFilterChain] [36mWill secure any request with [org.springframework.security.web.session.DisableEncodeUrlFilter@da39c7d, org.springframework.security.web.context.request.async.WebAsyncManagerIntegrationFilter@1298cdf1, org.springframework.security.web.context.SecurityContextHolderFilter@4cfff87f, org.springframework.security.web.header.HeaderWriterFilter@4c3c7ca6, org.springframework.web.filter.CorsFilter@144a1520, org.springframework.security.web.authentication.logout.LogoutFilter@27fa6f4f, org.springframework.security.oauth2.client.web.OAuth2AuthorizationRequestRedirectFilter@43eed273, org.springframework.security.oauth2.client.web.OAuth2LoginAuthenticationFilter@2f86144c, com.greengram.greengram4.security.JwtAuthenticationFilter@33cb2d8b, org.springframework.security.web.savedrequest.RequestCacheAwareFilter@4acc21ac, org.springframework.security.web.servletapi.SecurityContextHolderAwareRequestFilter@4493a11, org.springframework.security.web.authentication.AnonymousAuthenticationFilter@32986d0f, org.springframework.security.web.session.SessionManagementFilter@68776414, org.springframework.security.web.access.ExceptionTranslationFilter@176158eb, org.springframework.security.web.access.intercept.AuthorizationFilter@55ed5da9][0;39m
[2024-02-27 12:05:25 [32mINFO [0;39m restartedMain] [org.springframework.boot.devtools.autoconfigure.OptionalLiveReloadServer] [36mLiveReload server is running on port 35729[0;39m
[2024-02-27 12:05:25 [32mINFO [0;39m restartedMain] [org.apache.coyote.http11.Http11NioProtocol] [36mStarting ProtocolHandler ["http-nio-8080"][0;39m
[2024-02-27 12:05:25 [32mINFO [0;39m restartedMain] [org.springframework.boot.web.embedded.tomcat.TomcatWebServer] [36mTomcat started on port 8080 (http) with context path ''[0;39m
[2024-02-27 12:05:25 [32mINFO [0;39m restartedMain] [com.greengram.greengram4.Greengram5Application] [36mStarted Greengram5Application in 5.169 seconds (process running for 5.926)[0;39m
[2024-02-27 12:29:19 [32mINFO [0;39m SpringApplicationShutdownHook] [org.springframework.orm.jpa.LocalContainerEntityManagerFactoryBean] [36mClosing JPA EntityManagerFactory for persistence unit 'default'[0;39m
[2024-02-27 12:29:19 [32mINFO [0;39m SpringApplicationShutdownHook] [com.zaxxer.hikari.HikariDataSource] [36mHikariPool-1 - Shutdown initiated...[0;39m
[2024-02-27 12:29:19 [32mINFO [0;39m SpringApplicationShutdownHook] [com.zaxxer.hikari.HikariDataSource] [36mHikariPool-1 - Shutdown completed.[0;39m
